#
# A fatal error has been detected by the Java Runtime Environment:
#
#  SIGSEGV (0xb) at pc=0x000000010c753534, pid=26471, tid=6147
#
# JRE version: Java(TM) SE Runtime Environment 18.9 (11.0.7+8) (build 11.0.7+8-LTS)
# Java VM: Java HotSpot(TM) 64-Bit Server VM 18.9 (11.0.7+8-LTS, mixed mode, tiered, compressed oops, g1 gc, bsd-amd64)
# Problematic frame:
# V  [libjvm.dylib+0x753534]  EnableIf<HasDecorator<1097844ull, MO_UNORDERED>::value, oopDesc*>::type RawAccessBarrier<1097844ull>::load_internal<1097844ull, oopDesc*>(void*)+0x4
#
# No core dump will be written. Core dumps have been disabled. To enable core dumping, try "ulimit -c unlimited" before starting Java again
#
# If you would like to submit a bug report, please visit:
#   https://bugreport.java.com/bugreport/crash.jsp
#

---------------  S U M M A R Y ------------

Command Line: -Dfile.encoding=UTF-8 oracle.jdbc.driver.JavaToJavaConverter$205

Host: MacBookAir7,2 x86_64 1800 MHz, 4 cores, 8G, Darwin 19.5.0
Time: Tue Sep  1 14:26:54 2020 IST elapsed time: 0 seconds (0d 0h 0m 0s)

---------------  T H R E A D  ---------------

Current thread (0x00007f889b009000):  JavaThread "main" [_thread_in_vm, id=6147, stack(0x000070000353e000,0x000070000363e000)]

Stack: [0x000070000353e000,0x000070000363e000],  sp=0x000070000363ddd0,  free space=1023k
Native frames: (J=compiled Java code, A=aot compiled Java code, j=interpreted, Vv=VM code, C=native code)
V  [libjvm.dylib+0x753534]  EnableIf<HasDecorator<1097844ull, MO_UNORDERED>::value, oopDesc*>::type RawAccessBarrier<1097844ull>::load_internal<1097844ull, oopDesc*>(void*)+0x4
V  [libjvm.dylib+0x7534f9]  oopDesc* RawAccessBarrier<1097844ull>::oop_load<oopDesc*>(void*)+0x9
V  [libjvm.dylib+0x75356b]  oopDesc* G1BarrierSet::AccessBarrier<1097844ull, G1BarrierSet>::oop_load_not_in_heap<oopDesc*>(oopDesc**)+0xb
V  [libjvm.dylib+0x3e9cc5]  jni_GetStringUTFChars+0xe3
C  [java+0x6f75]  PostJVMInit+0xad
C  [java+0x4877]  JavaMain+0xa4f
C  [libsystem_pthread.dylib+0x6109]  _pthread_start+0x94
C  [libsystem_pthread.dylib+0x1b8b]  thread_start+0xf


siginfo: si_signo: 11 (SIGSEGV), si_code: 1 (SEGV_MAPERR), si_addr: 0x0000000000000000

Register to memory mapping:

RAX=0x0 is NULL
RBX=0x0 is NULL
RCX=0x000000010c93cf01: jni_NativeInterface+0x1 in /Library/Java/JavaVirtualMachines/jdk-11.0.7.jdk/Contents/Home/lib/server/libjvm.dylib at 0x000000010c000000
RDX=0x0 is NULL
RSP=0x000070000363ddd0 is pointing into the stack for thread: 0x00007f889b009000
RBP=0x000070000363ddd0 is pointing into the stack for thread: 0x00007f889b009000
RSI=0x0 is NULL
RDI=0x0 is NULL
R8 ={method} {0x000000011a033640} 'getCanonicalName' '()Ljava/lang/String;' in 'java/lang/Class'
R9 =0x00007f8898c1d6f0 points into unknown readable memory: 40 36 03 1a 01 00 00 00
R10=0x000000010c999800: _ZN19TemplateInterpreter13_active_tableE+0x4800 in /Library/Java/JavaVirtualMachines/jdk-11.0.7.jdk/Contents/Home/lib/server/libjvm.dylib at 0x000000010c000000
R11=0x000000011a02bf00 is pointing into metadata
R12=0x00007f889b009340 points into unknown readable memory: 00 cf 93 0c 01 00 00 00
R13=0x0 is NULL
R14=0x00007f889b009000 is a thread
R15=0x0 is NULL


Registers:
RAX=0x0000000000000000, RBX=0x0000000000000000, RCX=0x000000010c93cf01, RDX=0x0000000000000000
RSP=0x000070000363ddd0, RBP=0x000070000363ddd0, RSI=0x0000000000000000, RDI=0x0000000000000000
R8 =0x000000011a033640, R9 =0x00007f8898c1d6f0, R10=0x000000010c999800, R11=0x000000011a02bf00
R12=0x00007f889b009340, R13=0x0000000000000000, R14=0x00007f889b009000, R15=0x0000000000000000
RIP=0x000000010c753534, EFLAGS=0x0000000000010246, ERR=0x0000000000000004
  TRAPNO=0x000000000000000e

Top of Stack: (sp=0x000070000363ddd0)
0x000070000363ddd0:   000070000363dde0 000000010c7534f9
0x000070000363dde0:   000070000363de00 000000010c75356b
0x000070000363ddf0:   0000000000000000 0000000000000000
0x000070000363de00:   000070000363de90 000000010c3e9cc5
0x000070000363de10:   000000010c98ec01 00007f889b009000
0x000070000363de20:   000070000363de40 000000010c75090e
0x000070000363de30:   000000010c98ec01 00007f889b009000
0x000070000363de40:   0000000000000000 000000010c7508a4
0x000070000363de50:   0000000000000000 00007f889b009000
0x000070000363de60:   000070000363de90 00007f889b009340
0x000070000363de70:   00007f889a8052b0 0000000000000000
0x000070000363de80:   0000000000000000 00007f889a8052b8
0x000070000363de90:   000070000363df20 000000010b76bf75
0x000070000363dea0:   000000010c98ec01 00007f889b009000
0x000070000363deb0:   000070000363ded0 000000010c75090e
0x000070000363dec0:   000000010c98ec01 00007f889b009000
0x000070000363ded0:   000070000363def0 000000010c7508a4
0x000070000363dee0:   00007f889a8047b0 0000000000000000
0x000070000363def0:   000070000363df20 2358cb06c2ee0002
0x000070000363df00:   00007f889b009340 00007f889a8052b0
0x000070000363df10:   00007f889a8052c8 00007f889a8052b8
0x000070000363df20:   000070000363dfb0 000000010b769877
0x000070000363df30:   0000000000000000 0000017448e2c64f
0x000070000363df40:   0000000400010002 00007f8898d0c5d0
0x000070000363df50:   0000000000000000 0000000000000000
0x000070000363df60:   00007f8898c06848 0000000000000001
0x000070000363df70:   00007f8898c067d0 00007f889b009340
0x000070000363df80:   000000010c93cef8 000070000363e000
0x000070000363df90:   0000000000000000 0000000000000000
0x000070000363dfa0:   0000000000000000 0000000000000000
0x000070000363dfb0:   000070000363dfd0 00007fff71b80109
0x000070000363dfc0:   0000000000000000 0000000000000000 

Instructions: (pc=0x000000010c753534)
0x000000010c753514:   5d e9 16 00 00 00 66 0f 1f 44 00 00 55 48 89 e5
0x000000010c753524:   5d e9 16 00 00 00 66 0f 1f 44 00 00 55 48 89 e5
0x000000010c753534:   48 8b 07 5d c3 0f 1f 80 00 00 00 00 55 48 89 e5
0x000000010c753544:   48 89 f8 5d c3 0f 1f 80 00 00 00 00 55 48 89 e5 

Stack slot to memory mapping:
stack at sp + 0 slots: 0x000070000363dde0 is pointing into the stack for thread: 0x00007f889b009000
stack at sp + 1 slots: 0x000000010c7534f9: _ZN16RawAccessBarrierILy1097844EE8oop_loadIP7oopDescEET_Pv+0x9 in /Library/Java/JavaVirtualMachines/jdk-11.0.7.jdk/Contents/Home/lib/server/libjvm.dylib at 0x000000010c000000
stack at sp + 2 slots: 0x000070000363de00 is pointing into the stack for thread: 0x00007f889b009000
stack at sp + 3 slots: 0x000000010c75356b: _ZN12G1BarrierSet13AccessBarrierILy1097844ES_E20oop_load_not_in_heapIP7oopDescEES4_PT_+0xb in /Library/Java/JavaVirtualMachines/jdk-11.0.7.jdk/Contents/Home/lib/server/libjvm.dylib at 0x000000010c000000
stack at sp + 4 slots: 0x0 is NULL
stack at sp + 5 slots: 0x0 is NULL
stack at sp + 6 slots: 0x000070000363de90 is pointing into the stack for thread: 0x00007f889b009000
stack at sp + 7 slots: 0x000000010c3e9cc5: jni_GetStringUTFChars+0xe3 in /Library/Java/JavaVirtualMachines/jdk-11.0.7.jdk/Contents/Home/lib/server/libjvm.dylib at 0x000000010c000000


---------------  P R O C E S S  ---------------

Threads class SMR info:
_java_thread_list=0x00007f8898c3be40, length=9, elements={
0x00007f889b009000, 0x00007f889900d800, 0x00007f8899015000, 0x00007f8899019000,
0x00007f8899033000, 0x00007f8899033800, 0x00007f8899816800, 0x00007f8899098800,
0x00007f88990a3800
}

Java Threads: ( => current thread )
=>0x00007f889b009000 JavaThread "main" [_thread_in_vm, id=6147, stack(0x000070000353e000,0x000070000363e000)]
  0x00007f889900d800 JavaThread "Reference Handler" daemon [_thread_blocked, id=12547, stack(0x0000700003c53000,0x0000700003d53000)]
  0x00007f8899015000 JavaThread "Finalizer" daemon [_thread_blocked, id=18435, stack(0x0000700003d56000,0x0000700003e56000)]
  0x00007f8899019000 JavaThread "Signal Dispatcher" daemon [_thread_blocked, id=14339, stack(0x0000700003f5f000,0x000070000405f000)]
  0x00007f8899033000 JavaThread "C2 CompilerThread0" daemon [_thread_blocked, id=15875, stack(0x0000700004062000,0x0000700004162000)]
  0x00007f8899033800 JavaThread "C1 CompilerThread0" daemon [_thread_blocked, id=14851, stack(0x0000700004165000,0x0000700004265000)]
  0x00007f8899816800 JavaThread "Sweeper thread" daemon [_thread_blocked, id=22019, stack(0x0000700004268000,0x0000700004368000)]
  0x00007f8899098800 JavaThread "Service Thread" daemon [_thread_blocked, id=43011, stack(0x000070000436b000,0x000070000446b000)]
  0x00007f88990a3800 JavaThread "Common-Cleaner" daemon [_thread_blocked, id=41987, stack(0x0000700004571000,0x0000700004671000)]

Other Threads:
  0x00007f889a030800 VMThread "VM Thread" [stack: 0x0000700003b50000,0x0000700003c50000] [id=12035]
  0x00007f889a02e800 WatcherThread [stack: 0x000070000446e000,0x000070000456e000] [id=42755]
  0x00007f889b015000 GCTaskThread "GC Thread#0" [stack: 0x0000700003641000,0x0000700003741000] [id=20739]
  0x00007f889b036000 ConcurrentGCThread "G1 Main Marker" [stack: 0x0000700003744000,0x0000700003844000] [id=20227]
  0x00007f889b037000 ConcurrentGCThread "G1 Conc#0" [stack: 0x0000700003847000,0x0000700003947000] [id=11523]
  0x00007f889b087800 ConcurrentGCThread "G1 Refine#0" [stack: 0x000070000394a000,0x0000700003a4a000] [id=19459]
  0x00007f889b088800 ConcurrentGCThread "G1 Young RemSet Sampling" [stack: 0x0000700003a4d000,0x0000700003b4d000] [id=18947]

Threads with active compile tasks:

VM state:not at safepoint (normal execution)

VM Mutex/Monitor currently owned by a thread: None

Heap address: 0x0000000780000000, size: 2048 MB, Compressed Oops mode: Zero based, Oop shift amount: 3
Narrow klass base: 0x0000000800000000, Narrow klass shift: 0
Compressed class space size: 1073741824 Address: 0x0000000800000000

Heap:
 garbage-first heap   total 131072K, used 3072K [0x0000000780000000, 0x0000000800000000)
  region size 1024K, 4 young (4096K), 0 survivors (0K)
 Metaspace       used 5248K, capacity 5446K, committed 5632K, reserved 1056768K
  class space    used 449K, capacity 494K, committed 512K, reserved 1048576K
Heap Regions: E=young(eden), S=young(survivor), O=old, HS=humongous(starts), HC=humongous(continues), CS=collection set, F=free, A=archive, TAMS=top-at-mark-start (previous, next)
|   0|0x0000000780000000, 0x0000000780100000, 0x0000000780100000|100%|HS|  |TAMS 0x0000000780000000, 0x0000000780000000| Complete 
|   1|0x0000000780100000, 0x0000000780100000, 0x0000000780200000|  0%| F|  |TAMS 0x0000000780100000, 0x0000000780100000| Untracked 
|   2|0x0000000780200000, 0x0000000780200000, 0x0000000780300000|  0%| F|  |TAMS 0x0000000780200000, 0x0000000780200000| Untracked 
|   3|0x0000000780300000, 0x0000000780300000, 0x0000000780400000|  0%| F|  |TAMS 0x0000000780300000, 0x0000000780300000| Untracked 
|   4|0x0000000780400000, 0x0000000780400000, 0x0000000780500000|  0%| F|  |TAMS 0x0000000780400000, 0x0000000780400000| Untracked 
|   5|0x0000000780500000, 0x0000000780500000, 0x0000000780600000|  0%| F|  |TAMS 0x0000000780500000, 0x0000000780500000| Untracked 
|   6|0x0000000780600000, 0x0000000780600000, 0x0000000780700000|  0%| F|  |TAMS 0x0000000780600000, 0x0000000780600000| Untracked 
|   7|0x0000000780700000, 0x0000000780700000, 0x0000000780800000|  0%| F|  |TAMS 0x0000000780700000, 0x0000000780700000| Untracked 
|   8|0x0000000780800000, 0x0000000780800000, 0x0000000780900000|  0%| F|  |TAMS 0x0000000780800000, 0x0000000780800000| Untracked 
|   9|0x0000000780900000, 0x0000000780900000, 0x0000000780a00000|  0%| F|  |TAMS 0x0000000780900000, 0x0000000780900000| Untracked 
|  10|0x0000000780a00000, 0x0000000780a00000, 0x0000000780b00000|  0%| F|  |TAMS 0x0000000780a00000, 0x0000000780a00000| Untracked 
|  11|0x0000000780b00000, 0x0000000780b00000, 0x0000000780c00000|  0%| F|  |TAMS 0x0000000780b00000, 0x0000000780b00000| Untracked 
|  12|0x0000000780c00000, 0x0000000780c00000, 0x0000000780d00000|  0%| F|  |TAMS 0x0000000780c00000, 0x0000000780c00000| Untracked 
|  13|0x0000000780d00000, 0x0000000780d00000, 0x0000000780e00000|  0%| F|  |TAMS 0x0000000780d00000, 0x0000000780d00000| Untracked 
|  14|0x0000000780e00000, 0x0000000780e00000, 0x0000000780f00000|  0%| F|  |TAMS 0x0000000780e00000, 0x0000000780e00000| Untracked 
|  15|0x0000000780f00000, 0x0000000780f00000, 0x0000000781000000|  0%| F|  |TAMS 0x0000000780f00000, 0x0000000780f00000| Untracked 
|  16|0x0000000781000000, 0x0000000781000000, 0x0000000781100000|  0%| F|  |TAMS 0x0000000781000000, 0x0000000781000000| Untracked 
|  17|0x0000000781100000, 0x0000000781100000, 0x0000000781200000|  0%| F|  |TAMS 0x0000000781100000, 0x0000000781100000| Untracked 
|  18|0x0000000781200000, 0x0000000781200000, 0x0000000781300000|  0%| F|  |TAMS 0x0000000781200000, 0x0000000781200000| Untracked 
|  19|0x0000000781300000, 0x0000000781300000, 0x0000000781400000|  0%| F|  |TAMS 0x0000000781300000, 0x0000000781300000| Untracked 
|  20|0x0000000781400000, 0x0000000781400000, 0x0000000781500000|  0%| F|  |TAMS 0x0000000781400000, 0x0000000781400000| Untracked 
|  21|0x0000000781500000, 0x0000000781500000, 0x0000000781600000|  0%| F|  |TAMS 0x0000000781500000, 0x0000000781500000| Untracked 
|  22|0x0000000781600000, 0x0000000781600000, 0x0000000781700000|  0%| F|  |TAMS 0x0000000781600000, 0x0000000781600000| Untracked 
|  23|0x0000000781700000, 0x0000000781700000, 0x0000000781800000|  0%| F|  |TAMS 0x0000000781700000, 0x0000000781700000| Untracked 
|  24|0x0000000781800000, 0x0000000781800000, 0x0000000781900000|  0%| F|  |TAMS 0x0000000781800000, 0x0000000781800000| Untracked 
|  25|0x0000000781900000, 0x0000000781900000, 0x0000000781a00000|  0%| F|  |TAMS 0x0000000781900000, 0x0000000781900000| Untracked 
|  26|0x0000000781a00000, 0x0000000781a00000, 0x0000000781b00000|  0%| F|  |TAMS 0x0000000781a00000, 0x0000000781a00000| Untracked 
|  27|0x0000000781b00000, 0x0000000781b00000, 0x0000000781c00000|  0%| F|  |TAMS 0x0000000781b00000, 0x0000000781b00000| Untracked 
|  28|0x0000000781c00000, 0x0000000781c00000, 0x0000000781d00000|  0%| F|  |TAMS 0x0000000781c00000, 0x0000000781c00000| Untracked 
|  29|0x0000000781d00000, 0x0000000781d00000, 0x0000000781e00000|  0%| F|  |TAMS 0x0000000781d00000, 0x0000000781d00000| Untracked 
|  30|0x0000000781e00000, 0x0000000781e00000, 0x0000000781f00000|  0%| F|  |TAMS 0x0000000781e00000, 0x0000000781e00000| Untracked 
|  31|0x0000000781f00000, 0x0000000781f00000, 0x0000000782000000|  0%| F|  |TAMS 0x0000000781f00000, 0x0000000781f00000| Untracked 
|  32|0x0000000782000000, 0x0000000782000000, 0x0000000782100000|  0%| F|  |TAMS 0x0000000782000000, 0x0000000782000000| Untracked 
|  33|0x0000000782100000, 0x0000000782100000, 0x0000000782200000|  0%| F|  |TAMS 0x0000000782100000, 0x0000000782100000| Untracked 
|  34|0x0000000782200000, 0x0000000782200000, 0x0000000782300000|  0%| F|  |TAMS 0x0000000782200000, 0x0000000782200000| Untracked 
|  35|0x0000000782300000, 0x0000000782300000, 0x0000000782400000|  0%| F|  |TAMS 0x0000000782300000, 0x0000000782300000| Untracked 
|  36|0x0000000782400000, 0x0000000782400000, 0x0000000782500000|  0%| F|  |TAMS 0x0000000782400000, 0x0000000782400000| Untracked 
|  37|0x0000000782500000, 0x0000000782500000, 0x0000000782600000|  0%| F|  |TAMS 0x0000000782500000, 0x0000000782500000| Untracked 
|  38|0x0000000782600000, 0x0000000782600000, 0x0000000782700000|  0%| F|  |TAMS 0x0000000782600000, 0x0000000782600000| Untracked 
|  39|0x0000000782700000, 0x0000000782700000, 0x0000000782800000|  0%| F|  |TAMS 0x0000000782700000, 0x0000000782700000| Untracked 
|  40|0x0000000782800000, 0x0000000782800000, 0x0000000782900000|  0%| F|  |TAMS 0x0000000782800000, 0x0000000782800000| Untracked 
|  41|0x0000000782900000, 0x0000000782900000, 0x0000000782a00000|  0%| F|  |TAMS 0x0000000782900000, 0x0000000782900000| Untracked 
|  42|0x0000000782a00000, 0x0000000782a00000, 0x0000000782b00000|  0%| F|  |TAMS 0x0000000782a00000, 0x0000000782a00000| Untracked 
|  43|0x0000000782b00000, 0x0000000782b00000, 0x0000000782c00000|  0%| F|  |TAMS 0x0000000782b00000, 0x0000000782b00000| Untracked 
|  44|0x0000000782c00000, 0x0000000782c00000, 0x0000000782d00000|  0%| F|  |TAMS 0x0000000782c00000, 0x0000000782c00000| Untracked 
|  45|0x0000000782d00000, 0x0000000782d00000, 0x0000000782e00000|  0%| F|  |TAMS 0x0000000782d00000, 0x0000000782d00000| Untracked 
|  46|0x0000000782e00000, 0x0000000782e00000, 0x0000000782f00000|  0%| F|  |TAMS 0x0000000782e00000, 0x0000000782e00000| Untracked 
|  47|0x0000000782f00000, 0x0000000782f00000, 0x0000000783000000|  0%| F|  |TAMS 0x0000000782f00000, 0x0000000782f00000| Untracked 
|  48|0x0000000783000000, 0x0000000783000000, 0x0000000783100000|  0%| F|  |TAMS 0x0000000783000000, 0x0000000783000000| Untracked 
|  49|0x0000000783100000, 0x0000000783100000, 0x0000000783200000|  0%| F|  |TAMS 0x0000000783100000, 0x0000000783100000| Untracked 
|  50|0x0000000783200000, 0x0000000783200000, 0x0000000783300000|  0%| F|  |TAMS 0x0000000783200000, 0x0000000783200000| Untracked 
|  51|0x0000000783300000, 0x0000000783300000, 0x0000000783400000|  0%| F|  |TAMS 0x0000000783300000, 0x0000000783300000| Untracked 
|  52|0x0000000783400000, 0x0000000783400000, 0x0000000783500000|  0%| F|  |TAMS 0x0000000783400000, 0x0000000783400000| Untracked 
|  53|0x0000000783500000, 0x0000000783500000, 0x0000000783600000|  0%| F|  |TAMS 0x0000000783500000, 0x0000000783500000| Untracked 
|  54|0x0000000783600000, 0x0000000783600000, 0x0000000783700000|  0%| F|  |TAMS 0x0000000783600000, 0x0000000783600000| Untracked 
|  55|0x0000000783700000, 0x0000000783700000, 0x0000000783800000|  0%| F|  |TAMS 0x0000000783700000, 0x0000000783700000| Untracked 
|  56|0x0000000783800000, 0x0000000783800000, 0x0000000783900000|  0%| F|  |TAMS 0x0000000783800000, 0x0000000783800000| Untracked 
|  57|0x0000000783900000, 0x0000000783900000, 0x0000000783a00000|  0%| F|  |TAMS 0x0000000783900000, 0x0000000783900000| Untracked 
|  58|0x0000000783a00000, 0x0000000783a00000, 0x0000000783b00000|  0%| F|  |TAMS 0x0000000783a00000, 0x0000000783a00000| Untracked 
|  59|0x0000000783b00000, 0x0000000783b00000, 0x0000000783c00000|  0%| F|  |TAMS 0x0000000783b00000, 0x0000000783b00000| Untracked 
|  60|0x0000000783c00000, 0x0000000783c00000, 0x0000000783d00000|  0%| F|  |TAMS 0x0000000783c00000, 0x0000000783c00000| Untracked 
|  61|0x0000000783d00000, 0x0000000783d00000, 0x0000000783e00000|  0%| F|  |TAMS 0x0000000783d00000, 0x0000000783d00000| Untracked 
|  62|0x0000000783e00000, 0x0000000783e00000, 0x0000000783f00000|  0%| F|  |TAMS 0x0000000783e00000, 0x0000000783e00000| Untracked 
|  63|0x0000000783f00000, 0x0000000783f00000, 0x0000000784000000|  0%| F|  |TAMS 0x0000000783f00000, 0x0000000783f00000| Untracked 
|  64|0x0000000784000000, 0x0000000784000000, 0x0000000784100000|  0%| F|  |TAMS 0x0000000784000000, 0x0000000784000000| Untracked 
|  65|0x0000000784100000, 0x0000000784100000, 0x0000000784200000|  0%| F|  |TAMS 0x0000000784100000, 0x0000000784100000| Untracked 
|  66|0x0000000784200000, 0x0000000784200000, 0x0000000784300000|  0%| F|  |TAMS 0x0000000784200000, 0x0000000784200000| Untracked 
|  67|0x0000000784300000, 0x0000000784300000, 0x0000000784400000|  0%| F|  |TAMS 0x0000000784300000, 0x0000000784300000| Untracked 
|  68|0x0000000784400000, 0x0000000784400000, 0x0000000784500000|  0%| F|  |TAMS 0x0000000784400000, 0x0000000784400000| Untracked 
|  69|0x0000000784500000, 0x0000000784500000, 0x0000000784600000|  0%| F|  |TAMS 0x0000000784500000, 0x0000000784500000| Untracked 
|  70|0x0000000784600000, 0x0000000784600000, 0x0000000784700000|  0%| F|  |TAMS 0x0000000784600000, 0x0000000784600000| Untracked 
|  71|0x0000000784700000, 0x0000000784700000, 0x0000000784800000|  0%| F|  |TAMS 0x0000000784700000, 0x0000000784700000| Untracked 
|  72|0x0000000784800000, 0x0000000784800000, 0x0000000784900000|  0%| F|  |TAMS 0x0000000784800000, 0x0000000784800000| Untracked 
|  73|0x0000000784900000, 0x0000000784900000, 0x0000000784a00000|  0%| F|  |TAMS 0x0000000784900000, 0x0000000784900000| Untracked 
|  74|0x0000000784a00000, 0x0000000784a00000, 0x0000000784b00000|  0%| F|  |TAMS 0x0000000784a00000, 0x0000000784a00000| Untracked 
|  75|0x0000000784b00000, 0x0000000784b00000, 0x0000000784c00000|  0%| F|  |TAMS 0x0000000784b00000, 0x0000000784b00000| Untracked 
|  76|0x0000000784c00000, 0x0000000784c00000, 0x0000000784d00000|  0%| F|  |TAMS 0x0000000784c00000, 0x0000000784c00000| Untracked 
|  77|0x0000000784d00000, 0x0000000784d00000, 0x0000000784e00000|  0%| F|  |TAMS 0x0000000784d00000, 0x0000000784d00000| Untracked 
|  78|0x0000000784e00000, 0x0000000784e00000, 0x0000000784f00000|  0%| F|  |TAMS 0x0000000784e00000, 0x0000000784e00000| Untracked 
|  79|0x0000000784f00000, 0x0000000784f00000, 0x0000000785000000|  0%| F|  |TAMS 0x0000000784f00000, 0x0000000784f00000| Untracked 
|  80|0x0000000785000000, 0x0000000785000000, 0x0000000785100000|  0%| F|  |TAMS 0x0000000785000000, 0x0000000785000000| Untracked 
|  81|0x0000000785100000, 0x0000000785100000, 0x0000000785200000|  0%| F|  |TAMS 0x0000000785100000, 0x0000000785100000| Untracked 
|  82|0x0000000785200000, 0x0000000785200000, 0x0000000785300000|  0%| F|  |TAMS 0x0000000785200000, 0x0000000785200000| Untracked 
|  83|0x0000000785300000, 0x0000000785300000, 0x0000000785400000|  0%| F|  |TAMS 0x0000000785300000, 0x0000000785300000| Untracked 
|  84|0x0000000785400000, 0x0000000785400000, 0x0000000785500000|  0%| F|  |TAMS 0x0000000785400000, 0x0000000785400000| Untracked 
|  85|0x0000000785500000, 0x0000000785500000, 0x0000000785600000|  0%| F|  |TAMS 0x0000000785500000, 0x0000000785500000| Untracked 
|  86|0x0000000785600000, 0x0000000785600000, 0x0000000785700000|  0%| F|  |TAMS 0x0000000785600000, 0x0000000785600000| Untracked 
|  87|0x0000000785700000, 0x0000000785700000, 0x0000000785800000|  0%| F|  |TAMS 0x0000000785700000, 0x0000000785700000| Untracked 
|  88|0x0000000785800000, 0x0000000785800000, 0x0000000785900000|  0%| F|  |TAMS 0x0000000785800000, 0x0000000785800000| Untracked 
|  89|0x0000000785900000, 0x0000000785900000, 0x0000000785a00000|  0%| F|  |TAMS 0x0000000785900000, 0x0000000785900000| Untracked 
|  90|0x0000000785a00000, 0x0000000785a00000, 0x0000000785b00000|  0%| F|  |TAMS 0x0000000785a00000, 0x0000000785a00000| Untracked 
|  91|0x0000000785b00000, 0x0000000785b00000, 0x0000000785c00000|  0%| F|  |TAMS 0x0000000785b00000, 0x0000000785b00000| Untracked 
|  92|0x0000000785c00000, 0x0000000785c00000, 0x0000000785d00000|  0%| F|  |TAMS 0x0000000785c00000, 0x0000000785c00000| Untracked 
|  93|0x0000000785d00000, 0x0000000785d00000, 0x0000000785e00000|  0%| F|  |TAMS 0x0000000785d00000, 0x0000000785d00000| Untracked 
|  94|0x0000000785e00000, 0x0000000785e00000, 0x0000000785f00000|  0%| F|  |TAMS 0x0000000785e00000, 0x0000000785e00000| Untracked 
|  95|0x0000000785f00000, 0x0000000785f00000, 0x0000000786000000|  0%| F|  |TAMS 0x0000000785f00000, 0x0000000785f00000| Untracked 
|  96|0x0000000786000000, 0x0000000786000000, 0x0000000786100000|  0%| F|  |TAMS 0x0000000786000000, 0x0000000786000000| Untracked 
|  97|0x0000000786100000, 0x0000000786100000, 0x0000000786200000|  0%| F|  |TAMS 0x0000000786100000, 0x0000000786100000| Untracked 
|  98|0x0000000786200000, 0x0000000786200000, 0x0000000786300000|  0%| F|  |TAMS 0x0000000786200000, 0x0000000786200000| Untracked 
|  99|0x0000000786300000, 0x0000000786300000, 0x0000000786400000|  0%| F|  |TAMS 0x0000000786300000, 0x0000000786300000| Untracked 
| 100|0x0000000786400000, 0x0000000786400000, 0x0000000786500000|  0%| F|  |TAMS 0x0000000786400000, 0x0000000786400000| Untracked 
| 101|0x0000000786500000, 0x0000000786500000, 0x0000000786600000|  0%| F|  |TAMS 0x0000000786500000, 0x0000000786500000| Untracked 
| 102|0x0000000786600000, 0x0000000786600000, 0x0000000786700000|  0%| F|  |TAMS 0x0000000786600000, 0x0000000786600000| Untracked 
| 103|0x0000000786700000, 0x0000000786700000, 0x0000000786800000|  0%| F|  |TAMS 0x0000000786700000, 0x0000000786700000| Untracked 
| 104|0x0000000786800000, 0x0000000786800000, 0x0000000786900000|  0%| F|  |TAMS 0x0000000786800000, 0x0000000786800000| Untracked 
| 105|0x0000000786900000, 0x0000000786900000, 0x0000000786a00000|  0%| F|  |TAMS 0x0000000786900000, 0x0000000786900000| Untracked 
| 106|0x0000000786a00000, 0x0000000786a00000, 0x0000000786b00000|  0%| F|  |TAMS 0x0000000786a00000, 0x0000000786a00000| Untracked 
| 107|0x0000000786b00000, 0x0000000786b00000, 0x0000000786c00000|  0%| F|  |TAMS 0x0000000786b00000, 0x0000000786b00000| Untracked 
| 108|0x0000000786c00000, 0x0000000786c00000, 0x0000000786d00000|  0%| F|  |TAMS 0x0000000786c00000, 0x0000000786c00000| Untracked 
| 109|0x0000000786d00000, 0x0000000786d00000, 0x0000000786e00000|  0%| F|  |TAMS 0x0000000786d00000, 0x0000000786d00000| Untracked 
| 110|0x0000000786e00000, 0x0000000786e00000, 0x0000000786f00000|  0%| F|  |TAMS 0x0000000786e00000, 0x0000000786e00000| Untracked 
| 111|0x0000000786f00000, 0x0000000786f00000, 0x0000000787000000|  0%| F|  |TAMS 0x0000000786f00000, 0x0000000786f00000| Untracked 
| 112|0x0000000787000000, 0x0000000787000000, 0x0000000787100000|  0%| F|  |TAMS 0x0000000787000000, 0x0000000787000000| Untracked 
| 113|0x0000000787100000, 0x0000000787100000, 0x0000000787200000|  0%| F|  |TAMS 0x0000000787100000, 0x0000000787100000| Untracked 
| 114|0x0000000787200000, 0x0000000787200000, 0x0000000787300000|  0%| F|  |TAMS 0x0000000787200000, 0x0000000787200000| Untracked 
| 115|0x0000000787300000, 0x0000000787300000, 0x0000000787400000|  0%| F|  |TAMS 0x0000000787300000, 0x0000000787300000| Untracked 
| 116|0x0000000787400000, 0x0000000787400000, 0x0000000787500000|  0%| F|  |TAMS 0x0000000787400000, 0x0000000787400000| Untracked 
| 117|0x0000000787500000, 0x0000000787500000, 0x0000000787600000|  0%| F|  |TAMS 0x0000000787500000, 0x0000000787500000| Untracked 
| 118|0x0000000787600000, 0x0000000787600000, 0x0000000787700000|  0%| F|  |TAMS 0x0000000787600000, 0x0000000787600000| Untracked 
| 119|0x0000000787700000, 0x0000000787700000, 0x0000000787800000|  0%| F|  |TAMS 0x0000000787700000, 0x0000000787700000| Untracked 
| 120|0x0000000787800000, 0x0000000787800000, 0x0000000787900000|  0%| F|  |TAMS 0x0000000787800000, 0x0000000787800000| Untracked 
| 121|0x0000000787900000, 0x0000000787900000, 0x0000000787a00000|  0%| F|  |TAMS 0x0000000787900000, 0x0000000787900000| Untracked 
| 122|0x0000000787a00000, 0x0000000787a00000, 0x0000000787b00000|  0%| F|  |TAMS 0x0000000787a00000, 0x0000000787a00000| Untracked 
| 123|0x0000000787b00000, 0x0000000787b00000, 0x0000000787c00000|  0%| F|  |TAMS 0x0000000787b00000, 0x0000000787b00000| Untracked 
| 124|0x0000000787c00000, 0x0000000787cfc4d8, 0x0000000787d00000| 98%| E|  |TAMS 0x0000000787c00000, 0x0000000787c00000| Complete 
| 125|0x0000000787d00000, 0x0000000787e00000, 0x0000000787e00000|100%| E|  |TAMS 0x0000000787d00000, 0x0000000787d00000| Complete 
| 126|0x0000000787e00000, 0x0000000787f00000, 0x0000000787f00000|100%| E|CS|TAMS 0x0000000787e00000, 0x0000000787e00000| Complete 
| 127|0x0000000787f00000, 0x0000000788000000, 0x0000000788000000|100%| E|CS|TAMS 0x0000000787f00000, 0x0000000787f00000| Complete 

Card table byte_map: [0x00000001157dc000,0x0000000115bdc000] _byte_map_base: 0x0000000111bdc000

Marking Bits (Prev, Next): (CMBitMap*) 0x00007f889b02d818, (CMBitMap*) 0x00007f889b02d850
 Prev Bits: [0x0000000115fdc000, 0x0000000117fdc000)
 Next Bits: [0x0000000117fdc000, 0x0000000119fdc000)

Polling page: 0x000000010b7e1000

Metaspace:

Usage:
  Non-class:      4.84 MB capacity,     4.69 MB ( 97%) used,   152.09 KB (  3%) free+waste,     1.25 KB ( <1%) overhead. 
      Class:    494.00 KB capacity,   449.58 KB ( 91%) used,    43.73 KB (  9%) free+waste,   704 bytes ( <1%) overhead. 
       Both:      5.32 MB capacity,     5.13 MB ( 96%) used,   195.83 KB (  4%) free+waste,     1.94 KB ( <1%) overhead. 

Virtual space:
  Non-class space:        8.00 MB reserved,       5.00 MB ( 62%) committed 
      Class space:        1.00 GB reserved,     512.00 KB ( <1%) committed 
             Both:        1.01 GB reserved,       5.50 MB ( <1%) committed 

Chunk freelists:
   Non-Class:  4.50 KB
       Class:  2.25 KB
        Both:  6.75 KB

CodeHeap 'non-profiled nmethods': size=120032Kb used=44Kb max_used=44Kb free=119987Kb
 bounds [0x0000000122b6d000, 0x0000000122ddd000, 0x000000012a0a5000]
CodeHeap 'profiled nmethods': size=120032Kb used=242Kb max_used=242Kb free=119789Kb
 bounds [0x000000011b635000, 0x000000011b8a5000, 0x0000000122b6d000]
CodeHeap 'non-nmethods': size=5696Kb used=1016Kb max_used=1028Kb free=4679Kb
 bounds [0x000000011b0a5000, 0x000000011b315000, 0x000000011b635000]
 total_blobs=559 nmethods=184 adapters=203
 compilation: enabled
              stopped_count=0, restarted_count=0
 full_count=0

Compilation events (10 events):
Event: 0.220 Thread 0x00007f8899033800  182       3       java.util.zip.ZipCoder$UTF8::getBytes (10 bytes)
Event: 0.220 Thread 0x00007f8899033800 nmethod 182 0x000000011b66f290 code [0x000000011b66f460, 0x000000011b66f768]
Event: 0.220 Thread 0x00007f8899033800  183       3       java.lang.System$2::getBytesUTF8NoRepl (5 bytes)
Event: 0.220 Thread 0x00007f8899033800 nmethod 183 0x000000011b66f890 code [0x000000011b66fa60, 0x000000011b66fd08]
Event: 0.220 Thread 0x00007f8899033800  181       3       java.lang.StringBuilder::<init> (7 bytes)
Event: 0.220 Thread 0x00007f8899033800 nmethod 181 0x000000011b66fe10 code [0x000000011b66ffc0, 0x000000011b670148]
Event: 0.220 Thread 0x00007f8899033800  180       3       java.lang.String::substring (58 bytes)
Event: 0.221 Thread 0x00007f8899033800 nmethod 180 0x000000011b670210 code [0x000000011b670420, 0x000000011b670b28]
Event: 0.221 Thread 0x00007f8899033800  184   !   3       java.util.zip.ZipFile::getEntry (73 bytes)
Event: 0.222 Thread 0x00007f8899033800 nmethod 184 0x000000011b670d90 code [0x000000011b670fa0, 0x000000011b671688]

GC Heap History (0 events):
No events

Deoptimization events (2 events):
Event: 0.124 Thread 0x00007f889b009000 Uncommon trap: reason=unstable_if action=reinterpret pc=0x0000000122b71620 method=java.lang.String.hashCode()I @ 14 c2
Event: 0.192 Thread 0x00007f889b009000 Uncommon trap: reason=unstable_if action=reinterpret pc=0x0000000122b75814 method=java.util.zip.ZipFile$Source.isMetaName([BII)Z @ 43 c2

Classes redefined (0 events):
No events

Internal exceptions (0 events):
No events

Events (10 events):
Event: 0.218 loading class oracle/jdbc/driver/OracleConnection
Event: 0.218 loading class oracle/jdbc/driver/OracleConnection done
Event: 0.219 loading class oracle/jdbc/internal/ClientDataSupport
Event: 0.219 loading class oracle/jdbc/internal/ClientDataSupport done
Event: 0.219 loading class oracle/jdbc/OracleConnectionWrapper
Event: 0.219 loading class oracle/jdbc/OracleConnectionWrapper done
Event: 0.222 loading class java/lang/PublicMethods$Key
Event: 0.223 loading class java/lang/PublicMethods$Key done
Event: 0.223 loading class java/lang/Class$EnclosingMethodInfo
Event: 0.223 loading class java/lang/Class$EnclosingMethodInfo done


Dynamic libraries:
0x00007fff36bf6000 	/System/Library/Frameworks/Cocoa.framework/Versions/A/Cocoa
0x00007fff443de000 	/System/Library/Frameworks/Security.framework/Versions/A/Security
0x00007fff35b5d000 	/System/Library/Frameworks/ApplicationServices.framework/Versions/A/ApplicationServices
0x00007fff70e9d000 	/usr/lib/libz.1.dylib
0x00007fff6e961000 	/usr/lib/libSystem.B.dylib
0x00007fff37a96000 	/System/Library/Frameworks/CoreFoundation.framework/Versions/A/CoreFoundation
0x00007fff3a150000 	/System/Library/Frameworks/Foundation.framework/Versions/C/Foundation
0x00007fff707c1000 	/usr/lib/libobjc.A.dylib
0x00007fff34d4d000 	/System/Library/Frameworks/AppKit.framework/Versions/C/AppKit
0x00007fff3757a000 	/System/Library/Frameworks/CoreData.framework/Versions/A/CoreData
0x00007fff6897c000 	/System/Library/PrivateFrameworks/UIFoundation.framework/Versions/A/UIFoundation
0x00007fff63a20000 	/System/Library/PrivateFrameworks/RemoteViewServices.framework/Versions/A/RemoteViewServices
0x00007fff6b4d1000 	/System/Library/PrivateFrameworks/XCTTargetBootstrap.framework/Versions/A/XCTTargetBootstrap
0x00007fff37965000 	/System/Library/Frameworks/CoreDisplay.framework/Versions/A/CoreDisplay
0x00007fff3d00b000 	/System/Library/Frameworks/Metal.framework/Versions/A/Metal
0x00007fff51a42000 	/System/Library/PrivateFrameworks/DesktopServicesPriv.framework/Versions/A/DesktopServicesPriv
0x00007fff6fa9c000 	/usr/lib/liblangid.dylib
0x00007fff50cda000 	/System/Library/PrivateFrameworks/CoreSVG.framework/Versions/A/CoreSVG
0x00007fff66b79000 	/System/Library/PrivateFrameworks/SkyLight.framework/Versions/A/SkyLight
0x00007fff37f17000 	/System/Library/Frameworks/CoreGraphics.framework/Versions/A/CoreGraphics
0x00007fff33721000 	/System/Library/Frameworks/Accelerate.framework/Versions/A/Accelerate
0x00007fff70d8e000 	/usr/lib/libxml2.2.dylib
0x00007fff5c9b9000 	/System/Library/PrivateFrameworks/IconServices.framework/Versions/A/IconServices
0x00007fff3a92f000 	/System/Library/Frameworks/IOSurface.framework/Versions/A/IOSurface
0x00007fff6e48b000 	/usr/lib/libDiagnosticMessagesClient.dylib
0x00007fff5189c000 	/System/Library/PrivateFrameworks/DFRFoundation.framework/Versions/A/DFRFoundation
0x00007fff6f82b000 	/usr/lib/libicucore.A.dylib
0x00007fff35e8f000 	/System/Library/Frameworks/AudioToolbox.framework/Versions/A/AudioToolbox
0x00007fff35f72000 	/System/Library/Frameworks/AudioUnit.framework/Versions/A/AudioUnit
0x00007fff6eb63000 	/usr/lib/libauto.dylib
0x00007fff5193e000 	/System/Library/PrivateFrameworks/DataDetectorsCore.framework/Versions/A/DataDetectorsCore
0x00007fff36717000 	/System/Library/Frameworks/Carbon.framework/Versions/A/Frameworks/HIToolbox.framework/Versions/A/HIToolbox
0x00007fff435db000 	/System/Library/Frameworks/QuartzCore.framework/Versions/A/QuartzCore
0x00007fff36a56000 	/System/Library/Frameworks/Carbon.framework/Versions/A/Frameworks/SpeechRecognition.framework/Versions/A/SpeechRecognition
0x00007fff513b3000 	/System/Library/PrivateFrameworks/CoreUI.framework/Versions/A/CoreUI
0x00007fff36fe5000 	/System/Library/Frameworks/CoreAudio.framework/Versions/A/CoreAudio
0x00007fff39e11000 	/System/Library/Frameworks/DiskArbitration.framework/Versions/A/DiskArbitration
0x00007fff5ea07000 	/System/Library/PrivateFrameworks/MultitouchSupport.framework/Versions/A/MultitouchSupport
0x00007fff6f6f2000 	/usr/lib/libenergytrace.dylib
0x00007fff3a889000 	/System/Library/Frameworks/IOKit.framework/Versions/A/IOKit
0x00007fff38e7d000 	/System/Library/Frameworks/CoreServices.framework/Versions/A/CoreServices
0x00007fff60bb6000 	/System/Library/PrivateFrameworks/PerformanceAnalysis.framework/Versions/A/PerformanceAnalysis
0x00007fff4260e000 	/System/Library/Frameworks/OpenGL.framework/Versions/A/OpenGL
0x00007fff36c04000 	/System/Library/Frameworks/ColorSync.framework/Versions/A/ColorSync
0x00007fff38599000 	/System/Library/Frameworks/CoreImage.framework/Versions/A/CoreImage
0x00007fff398f0000 	/System/Library/Frameworks/CoreText.framework/Versions/A/CoreText
0x00007fff3a9bf000 	/System/Library/Frameworks/ImageIO.framework/Versions/A/ImageIO
0x00007fff6ec47000 	/usr/lib/libc++.1.dylib
0x00007fff6ecc3000 	/usr/lib/libcompression.dylib
0x00007fff6e7cf000 	/usr/lib/libMobileGestalt.dylib
0x00007fff686f1000 	/System/Library/PrivateFrameworks/TextureIO.framework/Versions/A/TextureIO
0x00007fff6eac6000 	/usr/lib/libate.dylib
0x00007fff5cbc2000 	/System/Library/PrivateFrameworks/InternationalSupport.framework/Versions/A/InternationalSupport
0x00007fff7175d000 	/usr/lib/system/libcache.dylib
0x00007fff71763000 	/usr/lib/system/libcommonCrypto.dylib
0x00007fff7176f000 	/usr/lib/system/libcompiler_rt.dylib
0x00007fff71777000 	/usr/lib/system/libcopyfile.dylib
0x00007fff71781000 	/usr/lib/system/libcorecrypto.dylib
0x00007fff71920000 	/usr/lib/system/libdispatch.dylib
0x00007fff71961000 	/usr/lib/system/libdyld.dylib
0x00007fff71998000 	/usr/lib/system/libkeymgr.dylib
0x00007fff719a6000 	/usr/lib/system/liblaunch.dylib
0x00007fff719a7000 	/usr/lib/system/libmacho.dylib
0x00007fff719ad000 	/usr/lib/system/libquarantine.dylib
0x00007fff719b0000 	/usr/lib/system/libremovefile.dylib
0x00007fff719b2000 	/usr/lib/system/libsystem_asl.dylib
0x00007fff719ca000 	/usr/lib/system/libsystem_blocks.dylib
0x00007fff719cb000 	/usr/lib/system/libsystem_c.dylib
0x00007fff71a53000 	/usr/lib/system/libsystem_configuration.dylib
0x00007fff71a57000 	/usr/lib/system/libsystem_coreservices.dylib
0x00007fff71a5b000 	/usr/lib/system/libsystem_darwin.dylib
0x00007fff71a64000 	/usr/lib/system/libsystem_dnssd.dylib
0x00007fff71a6c000 	/usr/lib/system/libsystem_featureflags.dylib
0x00007fff71a6e000 	/usr/lib/system/libsystem_info.dylib
0x00007fff71ae9000 	/usr/lib/system/libsystem_m.dylib
0x00007fff71b31000 	/usr/lib/system/libsystem_malloc.dylib
0x00007fff71b59000 	/usr/lib/system/libsystem_networkextension.dylib
0x00007fff71b67000 	/usr/lib/system/libsystem_notify.dylib
0x00007fff71b85000 	/usr/lib/system/libsystem_sandbox.dylib
0x00007fff71b8a000 	/usr/lib/system/libsystem_secinit.dylib
0x00007fff71abc000 	/usr/lib/system/libsystem_kernel.dylib
0x00007fff71b71000 	/usr/lib/system/libsystem_platform.dylib
0x00007fff71b7a000 	/usr/lib/system/libsystem_pthread.dylib
0x00007fff71b8d000 	/usr/lib/system/libsystem_symptoms.dylib
0x00007fff71b95000 	/usr/lib/system/libsystem_trace.dylib
0x00007fff71bad000 	/usr/lib/system/libunwind.dylib
0x00007fff71bb3000 	/usr/lib/system/libxpc.dylib
0x00007fff6ec9a000 	/usr/lib/libc++abi.dylib
0x00007fff6fa9e000 	/usr/lib/liblzma.5.dylib
0x00007fff6f719000 	/usr/lib/libfakelink.dylib
0x00007fff6ea53000 	/usr/lib/libarchive.2.dylib
0x00007fff4548f000 	/System/Library/Frameworks/SystemConfiguration.framework/Versions/A/SystemConfiguration
0x00007fff6e3be000 	/usr/lib/libCRFSuite.dylib
0x00007fff36308000 	/System/Library/Frameworks/CFNetwork.framework/Versions/A/CFNetwork
0x00007fff6ec29000 	/usr/lib/libbsm.0.dylib
0x00007fff71999000 	/usr/lib/system/libkxld.dylib
0x00007fff4b228000 	/System/Library/PrivateFrameworks/AppleFSCompression.framework/Versions/A/AppleFSCompression
0x00007fff6efb4000 	/usr/lib/libcoretls.dylib
0x00007fff6efcb000 	/usr/lib/libcoretls_cfhelpers.dylib
0x00007fff70807000 	/usr/lib/libpam.2.dylib
0x00007fff7093c000 	/usr/lib/libsqlite3.dylib
0x00007fff70d7b000 	/usr/lib/libxar.1.dylib
0x00007fff6ec3a000 	/usr/lib/libbz2.1.0.dylib
0x00007fff6f73a000 	/usr/lib/libiconv.2.dylib
0x00007fff6ecb0000 	/usr/lib/libcharset.1.dylib
0x00007fff702a4000 	/usr/lib/libnetwork.dylib
0x00007fff7080e000 	/usr/lib/libpcap.A.dylib
0x00007fff6ea08000 	/usr/lib/libapple_nghttp2.dylib
0x00007fff39234000 	/System/Library/Frameworks/CoreServices.framework/Versions/A/Frameworks/FSEvents.framework/Versions/A/FSEvents
0x00007fff38f04000 	/System/Library/Frameworks/CoreServices.framework/Versions/A/Frameworks/CarbonCore.framework/Versions/A/CarbonCore
0x00007fff39478000 	/System/Library/Frameworks/CoreServices.framework/Versions/A/Frameworks/Metadata.framework/Versions/A/Metadata
0x00007fff39511000 	/System/Library/Frameworks/CoreServices.framework/Versions/A/Frameworks/OSServices.framework/Versions/A/OSServices
0x00007fff3953f000 	/System/Library/Frameworks/CoreServices.framework/Versions/A/Frameworks/SearchKit.framework/Versions/A/SearchKit
0x00007fff38e7e000 	/System/Library/Frameworks/CoreServices.framework/Versions/A/Frameworks/AE.framework/Versions/A/AE
0x00007fff3923d000 	/System/Library/Frameworks/CoreServices.framework/Versions/A/Frameworks/LaunchServices.framework/Versions/A/LaunchServices
0x00007fff391e6000 	/System/Library/Frameworks/CoreServices.framework/Versions/A/Frameworks/DictionaryServices.framework/Versions/A/DictionaryServices
0x00007fff395a7000 	/System/Library/Frameworks/CoreServices.framework/Versions/A/Frameworks/SharedFileList.framework/Versions/A/SharedFileList
0x00007fff3e42e000 	/System/Library/Frameworks/NetFS.framework/Versions/A/NetFS
0x00007fff5ef37000 	/System/Library/PrivateFrameworks/NetAuth.framework/Versions/A/NetAuth
0x00007fff6b89e000 	/System/Library/PrivateFrameworks/login.framework/Versions/A/Frameworks/loginsupport.framework/Versions/A/loginsupport
0x00007fff681bc000 	/System/Library/PrivateFrameworks/TCC.framework/Versions/A/TCC
0x00007fff4fe4d000 	/System/Library/PrivateFrameworks/CoreNLP.framework/Versions/A/CoreNLP
0x00007fff5e434000 	/System/Library/PrivateFrameworks/MetadataUtilities.framework/Versions/A/MetadataUtilities
0x00007fff6fb76000 	/usr/lib/libmecabra.dylib
0x00007fff6face000 	/usr/lib/libmecab.dylib
0x00007fff6f72a000 	/usr/lib/libgermantok.dylib
0x00007fff6e9ef000 	/usr/lib/libThaiTokenizer.dylib
0x00007fff6e3f5000 	/usr/lib/libChineseTokenizer.dylib
0x00007fff33739000 	/System/Library/Frameworks/Accelerate.framework/Versions/A/Frameworks/vImage.framework/Versions/A/vImage
0x00007fff34ba3000 	/System/Library/Frameworks/Accelerate.framework/Versions/A/Frameworks/vecLib.framework/Versions/A/vecLib
0x00007fff34ae0000 	/System/Library/Frameworks/Accelerate.framework/Versions/A/Frameworks/vecLib.framework/Versions/A/libvMisc.dylib
0x00007fff34908000 	/System/Library/Frameworks/Accelerate.framework/Versions/A/Frameworks/vecLib.framework/Versions/A/libvDSP.dylib
0x00007fff33d90000 	/System/Library/Frameworks/Accelerate.framework/Versions/A/Frameworks/vecLib.framework/Versions/A/libBLAS.dylib
0x00007fff344cc000 	/System/Library/Frameworks/Accelerate.framework/Versions/A/Frameworks/vecLib.framework/Versions/A/libLAPACK.dylib
0x00007fff34868000 	/System/Library/Frameworks/Accelerate.framework/Versions/A/Frameworks/vecLib.framework/Versions/A/libLinearAlgebra.dylib
0x00007fff348f5000 	/System/Library/Frameworks/Accelerate.framework/Versions/A/Frameworks/vecLib.framework/Versions/A/libSparseBLAS.dylib
0x00007fff3487e000 	/System/Library/Frameworks/Accelerate.framework/Versions/A/Frameworks/vecLib.framework/Versions/A/libQuadrature.dylib
0x00007fff33ff8000 	/System/Library/Frameworks/Accelerate.framework/Versions/A/Frameworks/vecLib.framework/Versions/A/libBNNS.dylib
0x00007fff34884000 	/System/Library/Frameworks/Accelerate.framework/Versions/A/Frameworks/vecLib.framework/Versions/A/libSparse.dylib
0x00007fff5cfaa000 	/System/Library/PrivateFrameworks/LanguageModeling.framework/Versions/A/LanguageModeling
0x00007fff4f7fd000 	/System/Library/PrivateFrameworks/CoreEmoji.framework/Versions/A/CoreEmoji
0x00007fff5d0c8000 	/System/Library/PrivateFrameworks/LinguisticData.framework/Versions/A/LinguisticData
0x00007fff5d079000 	/System/Library/PrivateFrameworks/Lexicon.framework/Versions/A/Lexicon
0x00007fff6ecb1000 	/usr/lib/libcmph.dylib
0x00007fff4101c000 	/System/Library/Frameworks/OpenDirectory.framework/Versions/A/Frameworks/CFOpenDirectory.framework/Versions/A/CFOpenDirectory
0x00007fff41039000 	/System/Library/Frameworks/OpenDirectory.framework/Versions/A/OpenDirectory
0x00007fff4945e000 	/System/Library/PrivateFrameworks/APFS.framework/Versions/A/APFS
0x00007fff44728000 	/System/Library/Frameworks/SecurityFoundation.framework/Versions/A/SecurityFoundation
0x00007fff70d77000 	/usr/lib/libutil.dylib
0x00007fff50d32000 	/System/Library/PrivateFrameworks/CoreServicesStore.framework/Versions/A/CoreServicesStore
0x00007fff447df000 	/System/Library/Frameworks/ServiceManagement.framework/Versions/A/ServiceManagement
0x00007fff4c9f7000 	/System/Library/PrivateFrameworks/BackgroundTaskManagement.framework/Versions/A/BackgroundTaskManagement
0x00007fff70e74000 	/usr/lib/libxslt.1.dylib
0x00007fff4b89b000 	/System/Library/PrivateFrameworks/AppleSystemInfo.framework/Versions/A/AppleSystemInfo
0x00007fff3abda000 	/System/Library/Frameworks/ImageIO.framework/Versions/A/Resources/libJPEG.dylib
0x00007fff3ae96000 	/System/Library/Frameworks/ImageIO.framework/Versions/A/Resources/libTIFF.dylib
0x00007fff3ae79000 	/System/Library/Frameworks/ImageIO.framework/Versions/A/Resources/libPng.dylib
0x00007fff3ab1c000 	/System/Library/Frameworks/ImageIO.framework/Versions/A/Resources/libGIF.dylib
0x00007fff3ab20000 	/System/Library/Frameworks/ImageIO.framework/Versions/A/Resources/libJP2.dylib
0x00007fff3ae94000 	/System/Library/Frameworks/ImageIO.framework/Versions/A/Resources/libRadiance.dylib
0x00007fff6f6f3000 	/usr/lib/libexpat.1.dylib
0x00007fff4b383000 	/System/Library/PrivateFrameworks/AppleJPEG.framework/Versions/A/AppleJPEG
0x00007fff5401b000 	/System/Library/PrivateFrameworks/FontServices.framework/libFontParser.dylib
0x00007fff6a8a3000 	/System/Library/PrivateFrameworks/WatchdogClient.framework/Versions/A/WatchdogClient
0x00007fff5c605000 	/System/Library/PrivateFrameworks/IOAccelerator.framework/Versions/A/IOAccelerator
0x00007fff3d3a6000 	/System/Library/Frameworks/MetalPerformanceShaders.framework/Versions/A/MetalPerformanceShaders
0x00007fff58d9c000 	/System/Library/PrivateFrameworks/GPUWrangler.framework/Versions/A/GPUWrangler
0x00007fff5c61a000 	/System/Library/PrivateFrameworks/IOPresentment.framework/Versions/A/IOPresentment
0x00007fff518af000 	/System/Library/PrivateFrameworks/DSExternalDisplay.framework/Versions/A/DSExternalDisplay
0x00007fff419ad000 	/System/Library/Frameworks/OpenGL.framework/Versions/A/Libraries/libCoreFSCache.dylib
0x00007fff3d0f2000 	/System/Library/Frameworks/MetalPerformanceShaders.framework/Frameworks/MPSCore.framework/Versions/A/MPSCore
0x00007fff3d130000 	/System/Library/Frameworks/MetalPerformanceShaders.framework/Frameworks/MPSImage.framework/Versions/A/MPSImage
0x00007fff3d1f7000 	/System/Library/Frameworks/MetalPerformanceShaders.framework/Frameworks/MPSNeuralNetwork.framework/Versions/A/MPSNeuralNetwork
0x00007fff3d1bb000 	/System/Library/Frameworks/MetalPerformanceShaders.framework/Frameworks/MPSMatrix.framework/Versions/A/MPSMatrix
0x00007fff3d356000 	/System/Library/Frameworks/MetalPerformanceShaders.framework/Frameworks/MPSRayIntersector.framework/Versions/A/MPSRayIntersector
0x00007fff3d1e1000 	/System/Library/Frameworks/MetalPerformanceShaders.framework/Frameworks/MPSNDArray.framework/Versions/A/MPSNDArray
0x00007fff5e481000 	/System/Library/PrivateFrameworks/MetalTools.framework/Versions/A/MetalTools
0x00007fff4a633000 	/System/Library/PrivateFrameworks/AggregateDictionary.framework/Versions/A/AggregateDictionary
0x00007fff4f247000 	/System/Library/PrivateFrameworks/CoreAnalytics.framework/Versions/A/CoreAnalytics
0x00007fff4b7ba000 	/System/Library/PrivateFrameworks/AppleSauce.framework/Versions/A/AppleSauce
0x00007fff6e6b1000 	/usr/lib/libIOReport.dylib
0x00007fff39aa8000 	/System/Library/Frameworks/CoreVideo.framework/Versions/A/CoreVideo
0x00007fff5a216000 	/System/Library/PrivateFrameworks/GraphVisualizer.framework/Versions/A/GraphVisualizer
0x00007fff53562000 	/System/Library/PrivateFrameworks/FaceCore.framework/Versions/A/FaceCore
0x00007fff40fc3000 	/System/Library/Frameworks/OpenCL.framework/Versions/A/OpenCL
0x00007fff6e4d3000 	/usr/lib/libFosl_dynamic.dylib
0x00007fff5f957000 	/System/Library/PrivateFrameworks/OTSVG.framework/Versions/A/OTSVG
0x00007fff35c62000 	/System/Library/Frameworks/ApplicationServices.framework/Versions/A/Frameworks/ATS.framework/Versions/A/Resources/libFontRegistry.dylib
0x00007fff541ed000 	/System/Library/PrivateFrameworks/FontServices.framework/libhvf.dylib
0x00007fff419b8000 	/System/Library/Frameworks/OpenGL.framework/Versions/A/Libraries/libGFXShared.dylib
0x00007fff41b96000 	/System/Library/Frameworks/OpenGL.framework/Versions/A/Libraries/libGLU.dylib
0x00007fff419c1000 	/System/Library/Frameworks/OpenGL.framework/Versions/A/Libraries/libGL.dylib
0x00007fff419cc000 	/System/Library/Frameworks/OpenGL.framework/Versions/A/Libraries/libGLImage.dylib
0x00007fff419aa000 	/System/Library/Frameworks/OpenGL.framework/Versions/A/Libraries/libCVMSPluginSupport.dylib
0x00007fff419b3000 	/System/Library/Frameworks/OpenGL.framework/Versions/A/Libraries/libCoreVMClient.dylib
0x00007fff70145000 	/usr/lib/libncurses.5.4.dylib
0x00007fff35b5e000 	/System/Library/Frameworks/ApplicationServices.framework/Versions/A/Frameworks/ATS.framework/Versions/A/ATS
0x00007fff35d2b000 	/System/Library/Frameworks/ApplicationServices.framework/Versions/A/Frameworks/ColorSyncLegacy.framework/Versions/A/ColorSyncLegacy
0x00007fff35dc9000 	/System/Library/Frameworks/ApplicationServices.framework/Versions/A/Frameworks/HIServices.framework/Versions/A/HIServices
0x00007fff35e21000 	/System/Library/Frameworks/ApplicationServices.framework/Versions/A/Frameworks/LangAnalysis.framework/Versions/A/LangAnalysis
0x00007fff35e30000 	/System/Library/Frameworks/ApplicationServices.framework/Versions/A/Frameworks/PrintCore.framework/Versions/A/PrintCore
0x00007fff35e76000 	/System/Library/Frameworks/ApplicationServices.framework/Versions/A/Frameworks/QD.framework/Versions/A/QD
0x00007fff35e81000 	/System/Library/Frameworks/ApplicationServices.framework/Versions/A/Frameworks/SpeechSynthesis.framework/Versions/A/SpeechSynthesis
0x00007fff35cfb000 	/System/Library/Frameworks/ApplicationServices.framework/Versions/A/Frameworks/ATSUI.framework/Versions/A/ATSUI
0x00007fff6f589000 	/usr/lib/libcups.2.dylib
0x00007fff3c441000 	/System/Library/Frameworks/Kerberos.framework/Versions/A/Kerberos
0x00007fff3a582000 	/System/Library/Frameworks/GSS.framework/Versions/A/GSS
0x00007fff708c8000 	/usr/lib/libresolv.9.dylib
0x00007fff5a3c3000 	/System/Library/PrivateFrameworks/Heimdal.framework/Versions/A/Heimdal
0x00007fff3c454000 	/System/Library/Frameworks/Kerberos.framework/Versions/A/Libraries/libHeimdalProxy.dylib
0x00007fff6f730000 	/usr/lib/libheimdal-asn1.dylib
0x00007fff4e6e2000 	/System/Library/PrivateFrameworks/CommonAuth.framework/Versions/A/CommonAuth
0x00007fff4b938000 	/System/Library/PrivateFrameworks/AssertionServices.framework/Versions/A/AssertionServices
0x00007fff4c4da000 	/System/Library/PrivateFrameworks/AudioToolboxCore.framework/Versions/A/AudioToolboxCore
0x00007fff6b54e000 	/System/Library/PrivateFrameworks/caulk.framework/Versions/A/caulk
0x00007fff4caa3000 	/System/Library/PrivateFrameworks/BaseBoard.framework/Versions/A/BaseBoard
0x00007fff63bae000 	/System/Library/PrivateFrameworks/RunningBoardServices.framework/Versions/A/RunningBoardServices
0x00007fff60bc2000 	/System/Library/PrivateFrameworks/PersistentConnection.framework/Versions/A/PersistentConnection
0x00007fff635a8000 	/System/Library/PrivateFrameworks/ProtocolBuffer.framework/Versions/A/ProtocolBuffer
0x00007fff4e706000 	/System/Library/PrivateFrameworks/CommonUtilities.framework/Versions/A/CommonUtilities
0x00007fff4cc31000 	/System/Library/PrivateFrameworks/Bom.framework/Versions/A/Bom
0x00007fff6e384000 	/usr/lib/libAudioToolboxUtility.dylib
0x00007fff4ca01000 	/System/Library/PrivateFrameworks/Backup.framework/Versions/A/Backup
0x00007fff517d0000 	/System/Library/PrivateFrameworks/CrashReporterSupport.framework/Versions/A/CrashReporterSupport
0x00007fff6563f000 	/System/Library/PrivateFrameworks/Sharing.framework/Versions/A/Sharing
0x00007fff4af46000 	/System/Library/PrivateFrameworks/Apple80211.framework/Versions/A/Apple80211
0x00007fff4c71e000 	/System/Library/PrivateFrameworks/AuthKit.framework/Versions/A/AuthKit
0x00007fff514e0000 	/System/Library/PrivateFrameworks/CoreUtils.framework/Versions/A/CoreUtils
0x00007fff39aed000 	/System/Library/Frameworks/CoreWLAN.framework/Versions/A/CoreWLAN
0x00007fff3a70f000 	/System/Library/Frameworks/IOBluetooth.framework/Versions/A/IOBluetooth
0x00007fff5e786000 	/System/Library/PrivateFrameworks/MobileKeyBag.framework/Versions/A/MobileKeyBag
0x00007fff502e5000 	/System/Library/PrivateFrameworks/CorePhoneNumbers.framework/Versions/A/CorePhoneNumbers
0x00007fff4b336000 	/System/Library/PrivateFrameworks/AppleIDAuthSupport.framework/Versions/A/AppleIDAuthSupport
0x00007fff3e43b000 	/System/Library/Frameworks/Network.framework/Versions/A/Network
0x00007fff5ce56000 	/System/Library/PrivateFrameworks/KeychainCircle.framework/Versions/A/KeychainCircle
0x00007fff37541000 	/System/Library/Frameworks/CoreBluetooth.framework/Versions/A/CoreBluetooth
0x00007fff676bc000 	/System/Library/PrivateFrameworks/SpeechRecognitionCore.framework/Versions/A/SpeechRecognitionCore
0x000000010c000000 	/Library/Java/JavaVirtualMachines/jdk-11.0.7.jdk/Contents/Home/lib/server/libjvm.dylib
0x000000010b792000 	/Library/Java/JavaVirtualMachines/jdk-11.0.7.jdk/Contents/Home/lib/libverify.dylib
0x000000010b7a2000 	/Library/Java/JavaVirtualMachines/jdk-11.0.7.jdk/Contents/Home/lib/libjava.dylib
0x000000010b7d5000 	/Library/Java/JavaVirtualMachines/jdk-11.0.7.jdk/Contents/Home/lib/libjimage.dylib
0x000000010b7eb000 	/Library/Java/JavaVirtualMachines/jdk-11.0.7.jdk/Contents/Home/lib/libzip.dylib
0x000000011a828000 	/Library/Java/JavaVirtualMachines/jdk-11.0.7.jdk/Contents/Home/lib/libnio.dylib
0x000000011a83a000 	/Library/Java/JavaVirtualMachines/jdk-11.0.7.jdk/Contents/Home/lib/libnet.dylib


VM Arguments:
jvm_args: -Dfile.encoding=UTF-8 
java_command: oracle.jdbc.driver.JavaToJavaConverter$205
java_class_path (initial): /Users/valentinarodrigues/Kegen/NileshWorkspace/InstrumentTrackerSystem/target/classes:/Users/valentinarodrigues/.m2/repository/org/springframework/boot/spring-boot-starter-data-jpa/2.3.3.RELEASE/spring-boot-starter-data-jpa-2.3.3.RELEASE.jar:/Users/valentinarodrigues/.m2/repository/org/springframework/boot/spring-boot-starter-aop/2.3.3.RELEASE/spring-boot-starter-aop-2.3.3.RELEASE.jar:/Users/valentinarodrigues/.m2/repository/org/springframework/spring-aop/5.2.8.RELEASE/spring-aop-5.2.8.RELEASE.jar:/Users/valentinarodrigues/.m2/repository/org/aspectj/aspectjweaver/1.9.6/aspectjweaver-1.9.6.jar:/Users/valentinarodrigues/.m2/repository/org/springframework/boot/spring-boot-starter-jdbc/2.3.3.RELEASE/spring-boot-starter-jdbc-2.3.3.RELEASE.jar:/Users/valentinarodrigues/.m2/repository/com/zaxxer/HikariCP/3.4.5/HikariCP-3.4.5.jar:/Users/valentinarodrigues/.m2/repository/org/springframework/spring-jdbc/5.2.8.RELEASE/spring-jdbc-5.2.8.RELEASE.jar:/Users/valentinarodrigues/.m2/repository/jakarta/transaction/jakarta.transaction-api/1.3.3/jakarta.transaction-api-1.3.3.jar:/Users/valentinarodrigues/.m2/repository/jakarta/persistence/jakarta.persistence-api/2.2.3/jakarta.persistence-api-2.2.3.jar:/Users/valentinarodrigues/.m2/repository/org/hibernate/hibernate-core/5.4.20.Final/hibernate-core-5.4.20.Final.jar:/Users/valentinarodrigues/.m2/repository/org/jboss/logging/jboss-logging/3.4.1.Final/jboss-logging-3.4.1.Final.jar:/Users/valentinarodrigues/.m2/repository/org/javassist/javassist/3.24.0-GA/javassist-3.24.0-GA.jar:/Users/valentinarodrigues/.m2/repository/net/bytebuddy/byte-buddy/1.10.14/byte-buddy-1.10.14.jar:/Users/valentinarodrigues/.m2/repository/antlr/antlr/2.7.7/antlr-2.7.7.jar:/Users/valentinarodrigues/.m2/repository/org/jboss/jandex/2.1.3.Final/jandex-2.1.3.Final.jar:/Users/valentinarodrigues/.m2/repository/com/fasterxml/classmate/1.5.1/classmate-1.5.1.jar:/Users/valentinarodrigues/.m2/repository/org/dom4j/dom4j/2.1.3/dom4j-2.1.3.jar:/User
Launcher Type: SUN_STANDARD

[Global flags]
     intx CICompilerCount                          = 3                                         {product} {ergonomic}
     uint ConcGCThreads                            = 1                                         {product} {ergonomic}
     uint G1ConcRefinementThreads                  = 4                                         {product} {ergonomic}
   size_t G1HeapRegionSize                         = 1048576                                   {product} {ergonomic}
    uintx GCDrainStackTargetSize                   = 64                                        {product} {ergonomic}
   size_t InitialHeapSize                          = 134217728                                 {product} {ergonomic}
   size_t MarkStackSize                            = 4194304                                   {product} {ergonomic}
   size_t MaxHeapSize                              = 2147483648                                {product} {ergonomic}
   size_t MaxNewSize                               = 1287651328                                {product} {ergonomic}
   size_t MinHeapDeltaBytes                        = 1048576                                   {product} {ergonomic}
    uintx NonNMethodCodeHeapSize                   = 5830732                                {pd product} {ergonomic}
    uintx NonProfiledCodeHeapSize                  = 122913754                              {pd product} {ergonomic}
    uintx ProfiledCodeHeapSize                     = 122913754                              {pd product} {ergonomic}
    uintx ReservedCodeCacheSize                    = 251658240                              {pd product} {ergonomic}
     bool SegmentedCodeCache                       = true                                      {product} {ergonomic}
     bool UseCompressedClassPointers               = true                                 {lp64_product} {ergonomic}
     bool UseCompressedOops                        = true                                 {lp64_product} {ergonomic}
     bool UseG1GC                                  = true                                      {product} {ergonomic}

Logging:
Log output configuration:
 #0: stdout all=warning uptime,level,tags
 #1: stderr all=off uptime,level,tags

Environment Variables:
PATH=/usr/bin:/bin:/usr/sbin:/sbin
SHELL=/bin/zsh

Signal Handlers:
SIGSEGV: [libjvm.dylib+0x786f82], sa_mask[0]=11111111011111110111111111111111, sa_flags=SA_ONSTACK|SA_RESTART|SA_SIGINFO
SIGBUS: [libjvm.dylib+0x786f82], sa_mask[0]=11111111011111110111111111111111, sa_flags=SA_RESTART|SA_SIGINFO
SIGFPE: [libjvm.dylib+0x786f82], sa_mask[0]=11111111011111110111111111111111, sa_flags=SA_RESTART|SA_SIGINFO
SIGPIPE: [libjvm.dylib+0x638c2f], sa_mask[0]=11111111011111110111111111111111, sa_flags=SA_RESTART|SA_SIGINFO
SIGXFSZ: [libjvm.dylib+0x638c2f], sa_mask[0]=11111111011111110111111111111111, sa_flags=SA_RESTART|SA_SIGINFO
SIGILL: [libjvm.dylib+0x786f82], sa_mask[0]=11111111011111110111111111111111, sa_flags=SA_RESTART|SA_SIGINFO
SIGUSR2: [libjvm.dylib+0x639219], sa_mask[0]=00100000000000000000000000000000, sa_flags=SA_RESTART|SA_SIGINFO
SIGHUP: [libjvm.dylib+0x637c77], sa_mask[0]=11111111011111110111111111111111, sa_flags=SA_RESTART|SA_SIGINFO
SIGINT: [libjvm.dylib+0x637c77], sa_mask[0]=11111111011111110111111111111111, sa_flags=SA_RESTART|SA_SIGINFO
SIGTERM: [libjvm.dylib+0x637c77], sa_mask[0]=11111111011111110111111111111111, sa_flags=SA_RESTART|SA_SIGINFO
SIGQUIT: [libjvm.dylib+0x637c77], sa_mask[0]=11111111011111110111111111111111, sa_flags=SA_RESTART|SA_SIGINFO


---------------  S Y S T E M  ---------------

OS:uname:Darwin 19.5.0 Darwin Kernel Version 19.5.0: Tue May 26 20:41:44 PDT 2020; root:xnu-6153.121.2~2/RELEASE_X86_64 x86_64
rlimit: STACK 8192k, CORE 0k, NPROC 1392, NOFILE 10240, AS infinity, DATA infinity, FSIZE infinity
load average:2.17 2.53 2.64

CPU:total 4 (initial active 4) (2 cores per cpu, 2 threads per core) family 6 model 61 stepping 4, cmov, cx8, fxsr, mmx, sse, sse2, sse3, ssse3, sse4.1, sse4.2, popcnt, avx, avx2, aes, clmul, erms, rtm, 3dnowpref, lzcnt, ht, tsc, tscinvbit, bmi1, bmi2, adx, fma

Memory: 4k page, physical 8388608k(1527556k free)

vm_info: Java HotSpot(TM) 64-Bit Server VM (11.0.7+8-LTS) for bsd-amd64 JRE (11.0.7+8-LTS), built on Mar 12 2020 01:06:42 by "mach5one" with gcc 4.2.1 Compatible Apple LLVM 10.0.0 (clang-1000.11.45.5)

END.
